<?xml version="1.0" encoding="UTF-8"?>
<!-- Generated by org.testng.reporters.JUnitXMLReporter -->
<testsuite hostname="Samsung-Pc" ignored="0" name="Test" tests="13" failures="1" timestamp="26 Åžub 2017 20:08:35 GMT" time="66.431" errors="0">
  <testcase name="randomCategorySelection" time="5.907" classname="daft.advanced.search.AdvancedSearch"/>
  <testcase name="randomCountyCitySelection" time="4.228" classname="daft.advanced.search.AdvancedSearch"/>
  <testcase name="randomAreaSelection" time="4.196" classname="daft.advanced.search.AdvancedSearch"/>
  <testcase name="mainSearch" time="4.861" classname="daft.advanced.search.AdvancedSearch"/>
  <testcase name="advancedSearchPresent" time="1.729" classname="daft.advanced.search.AdvancedSearch"/>
  <testcase name="minPrice" time="4.24" classname="daft.advanced.search.AdvancedSearch"/>
  <testcase name="maxPrice" time="4.235" classname="daft.advanced.search.AdvancedSearch"/>
  <testcase name="minBedroom" time="4.232" classname="daft.advanced.search.AdvancedSearch"/>
  <testcase name="maxBedroom" time="4.231" classname="daft.advanced.search.AdvancedSearch"/>
  <testcase name="minBathroom" time="4.226" classname="daft.advanced.search.AdvancedSearch"/>
  <testcase name="maxBathroom" time="4.23" classname="daft.advanced.search.AdvancedSearch"/>
  <testcase name="propertyType" time="4.211" classname="daft.advanced.search.AdvancedSearch"/>
  <testcase name="advanceSearchResults" time="15.877" classname="daft.advanced.search.AdvancedSearch">
    <failure type="java.lang.AssertionError" message="expected [true] but found [false]">
      <![CDATA[java.lang.AssertionError: expected [true] but found [false]
	at daft.advanced.search.AdvancedSearch.advanceSearchResults(AdvancedSearch.java:324)
... Removed 34 stack frames]]>
    </failure>
  </testcase> <!-- advanceSearchResults -->
</testsuite> <!-- Test -->
