<?xml version="1.0" encoding="UTF-8"?>
<!-- Generated by org.testng.reporters.JUnitReportReporter -->
<testsuite name="daft.advanced.search.AdvancedSearch" tests="13" time="66.403" ignored="0" failures="1" timestamp="26 Åžub 2017 20:08:36 GMT" skipped="0" hostname="Samsung-Pc" errors="0">
  <testcase name="advancedSearchPresent" time="1.729" classname="daft.advanced.search.AdvancedSearch"/>
  <testcase name="minPrice" time="4.240" classname="daft.advanced.search.AdvancedSearch"/>
  <testcase name="minBedroom" time="4.232" classname="daft.advanced.search.AdvancedSearch"/>
  <testcase name="minBathroom" time="4.226" classname="daft.advanced.search.AdvancedSearch"/>
  <testcase name="maxBedroom" time="4.231" classname="daft.advanced.search.AdvancedSearch"/>
  <testcase name="randomCountyCitySelection" time="4.228" classname="daft.advanced.search.AdvancedSearch"/>
  <testcase name="maxBathroom" time="4.230" classname="daft.advanced.search.AdvancedSearch"/>
  <testcase name="randomAreaSelection" time="4.196" classname="daft.advanced.search.AdvancedSearch"/>
  <testcase name="randomCategorySelection" time="5.907" classname="daft.advanced.search.AdvancedSearch"/>
  <testcase name="propertyType" time="4.211" classname="daft.advanced.search.AdvancedSearch"/>
  <testcase name="mainSearch" time="4.861" classname="daft.advanced.search.AdvancedSearch"/>
  <testcase name="advanceSearchResults" time="15.877" classname="daft.advanced.search.AdvancedSearch">
    <failure type="java.lang.AssertionError" message="expected [true] but found [false]">
      <![CDATA[java.lang.AssertionError: expected [true] but found [false]
	at org.testng.Assert.fail(Assert.java:94)
	at org.testng.Assert.failNotEquals(Assert.java:513)
	at org.testng.Assert.assertEqualsImpl(Assert.java:135)
	at org.testng.Assert.assertEquals(Assert.java:116)
	at org.testng.Assert.assertEquals(Assert.java:305)
	at org.testng.Assert.assertEquals(Assert.java:315)
	at daft.advanced.search.AdvancedSearch.advanceSearchResults(AdvancedSearch.java:324)
	at sun.reflect.NativeMethodAccessorImpl.invoke0(Native Method)
	at sun.reflect.NativeMethodAccessorImpl.invoke(Unknown Source)
	at sun.reflect.DelegatingMethodAccessorImpl.invoke(Unknown Source)
	at java.lang.reflect.Method.invoke(Unknown Source)
	at org.testng.internal.MethodInvocationHelper.invokeMethod(MethodInvocationHelper.java:104)
	at org.testng.internal.Invoker.invokeMethod(Invoker.java:645)
	at org.testng.internal.Invoker.invokeTestMethod(Invoker.java:851)
	at org.testng.internal.Invoker.invokeTestMethods(Invoker.java:1177)
	at org.testng.internal.TestMethodWorker.invokeTestMethods(TestMethodWorker.java:129)
	at org.testng.internal.TestMethodWorker.run(TestMethodWorker.java:112)
	at org.testng.TestRunner.privateRun(TestRunner.java:756)
	at org.testng.TestRunner.run(TestRunner.java:610)
	at org.testng.SuiteRunner.runTest(SuiteRunner.java:387)
	at org.testng.SuiteRunner.runSequentially(SuiteRunner.java:382)
	at org.testng.SuiteRunner.privateRun(SuiteRunner.java:340)
	at org.testng.SuiteRunner.run(SuiteRunner.java:289)
	at org.testng.SuiteRunnerWorker.runSuite(SuiteRunnerWorker.java:52)
	at org.testng.SuiteRunnerWorker.run(SuiteRunnerWorker.java:86)
	at org.testng.TestNG.runSuitesSequentially(TestNG.java:1293)
	at org.testng.TestNG.runSuitesLocally(TestNG.java:1218)
	at org.testng.TestNG.runSuites(TestNG.java:1133)
	at org.testng.TestNG.run(TestNG.java:1104)
	at org.apache.maven.surefire.testng.TestNGExecutor.run(TestNGExecutor.java:281)
	at org.apache.maven.surefire.testng.TestNGXmlTestSuite.execute(TestNGXmlTestSuite.java:75)
	at org.apache.maven.surefire.testng.TestNGProvider.invoke(TestNGProvider.java:121)
	at org.apache.maven.surefire.booter.ForkedBooter.invokeProviderInSameClassLoader(ForkedBooter.java:290)
	at org.apache.maven.surefire.booter.ForkedBooter.runSuitesInProcess(ForkedBooter.java:242)
	at org.apache.maven.surefire.booter.ForkedBooter.main(ForkedBooter.java:121)
]]>
    </failure>
  </testcase> <!-- advanceSearchResults -->
  <testcase name="maxPrice" time="4.235" classname="daft.advanced.search.AdvancedSearch"/>
</testsuite> <!-- daft.advanced.search.AdvancedSearch -->
